2020-08-12 10:03:21.193  INFO 5056 --- [main] c.c.c.ConfigServicePropertySourceLocator : Fetching config from server at : http://localhost:8888
2020-08-12 10:03:22.725  INFO 5056 --- [main] c.c.c.ConfigServicePropertySourceLocator : Connect Timeout Exception on Url - http://localhost:8888. Will be trying the next url if available
2020-08-12 10:03:22.727  WARN 5056 --- [main] c.c.c.ConfigServicePropertySourceLocator : Could not locate PropertySource: I/O error on GET request for "http://localhost:8888/application/default": Connection refused: connect; nested exception is java.net.ConnectException: Connection refused: connect
2020-08-12 10:03:22.736  INFO 5056 --- [main] w.b.spring.WifakServeurBankApplication   : No active profile set, falling back to default profiles: default
2020-08-12 10:03:27.443  INFO 5056 --- [main] .s.d.r.c.RepositoryConfigurationDelegate : Multiple Spring Data modules found, entering strict repository configuration mode!
2020-08-12 10:03:27.447  INFO 5056 --- [main] .s.d.r.c.RepositoryConfigurationDelegate : Bootstrapping Spring Data Reactive MongoDB repositories in DEFAULT mode.
2020-08-12 10:03:28.446  INFO 5056 --- [main] .s.d.r.c.RepositoryConfigurationDelegate : Finished Spring Data repository scanning in 985ms. Found 0 Reactive MongoDB repository interfaces.
2020-08-12 10:03:28.483  INFO 5056 --- [main] .s.d.r.c.RepositoryConfigurationDelegate : Multiple Spring Data modules found, entering strict repository configuration mode!
2020-08-12 10:03:28.486  INFO 5056 --- [main] .s.d.r.c.RepositoryConfigurationDelegate : Bootstrapping Spring Data MongoDB repositories in DEFAULT mode.
2020-08-12 10:03:28.651  INFO 5056 --- [main] .s.d.r.c.RepositoryConfigurationDelegate : Finished Spring Data repository scanning in 164ms. Found 2 MongoDB repository interfaces.
2020-08-12 10:03:30.419  INFO 5056 --- [main] o.s.cloud.context.scope.GenericScope     : BeanFactory id=e719379a-4700-3491-b22d-ab101ad88b4e
2020-08-12 10:03:31.814  INFO 5056 --- [main] trationDelegate$BeanPostProcessorChecker : Bean 'org.springframework.cloud.autoconfigure.ConfigurationPropertiesRebinderAutoConfiguration' of type [org.springframework.cloud.autoconfigure.ConfigurationPropertiesRebinderAutoConfiguration$$EnhancerBySpringCGLIB$$b59ea742] is not eligible for getting processed by all BeanPostProcessors (for example: not eligible for auto-proxying)
2020-08-12 10:03:33.573  INFO 5056 --- [main] o.s.b.w.embedded.tomcat.TomcatWebServer  : Tomcat initialized with port(s): 8086 (http)
2020-08-12 10:03:33.652  INFO 5056 --- [main] o.apache.catalina.core.StandardService   : Starting service [Tomcat]
2020-08-12 10:03:33.653  INFO 5056 --- [main] org.apache.catalina.core.StandardEngine  : Starting Servlet engine: [Apache Tomcat/9.0.36]
2020-08-12 10:03:34.126  INFO 5056 --- [main] o.a.c.c.C.[Tomcat].[localhost].[/]       : Initializing Spring embedded WebApplicationContext
2020-08-12 10:03:34.126  INFO 5056 --- [main] w.s.c.ServletWebServerApplicationContext : Root WebApplicationContext: initialization completed in 11221 ms
2020-08-12 10:03:38.005  INFO 5056 --- [main] org.mongodb.driver.cluster               : Cluster created with settings {hosts=[127.0.0.1:27017], srvHost=cluster0.z10pa.gcp.mongodb.net, mode=MULTIPLE, requiredClusterType=REPLICA_SET, serverSelectionTimeout='30000 ms', maxWaitQueueSize=500, requiredReplicaSetName='atlas-ev2i6u-shard-0'}
2020-08-12 10:03:39.454  INFO 5056 --- [cluster-ClusterId{value='5f33a259ca30c1343f94c0c7', description='null'}-srv-cluster0.z10pa.gcp.mongodb.net] org.mongodb.driver.cluster               : Adding discovered server cluster0-shard-00-01.z10pa.gcp.mongodb.net:27017 to client view of cluster
2020-08-12 10:03:39.784  INFO 5056 --- [cluster-ClusterId{value='5f33a259ca30c1343f94c0c7', description='null'}-srv-cluster0.z10pa.gcp.mongodb.net] org.mongodb.driver.cluster               : Adding discovered server cluster0-shard-00-02.z10pa.gcp.mongodb.net:27017 to client view of cluster
2020-08-12 10:03:39.787  INFO 5056 --- [cluster-ClusterId{value='5f33a259ca30c1343f94c0c7', description='null'}-srv-cluster0.z10pa.gcp.mongodb.net] org.mongodb.driver.cluster               : Adding discovered server cluster0-shard-00-00.z10pa.gcp.mongodb.net:27017 to client view of cluster
2020-08-12 10:03:41.085  WARN 5056 --- [main] .m.c.i.MongoPersistentEntityIndexCreator : Automatic index creation will be disabled by default as of Spring Data MongoDB 3.x.
	Please use 'MongoMappingContext#setAutoIndexCreation(boolean)' or override 'MongoConfigurationSupport#autoIndexCreation()' to be explicit.
	However, we recommend setting up indices manually in an application ready block. You may use index derivation there as well.

	> -----------------------------------------------------------------------------------------
	> @EventListener(ApplicationReadyEvent.class)
	> public void initIndicesAfterStartup() {
	>
	>     IndexOperations indexOps = mongoTemplate.indexOps(DomainType.class);
	>
	>     IndexResolver resolver = new MongoPersistentEntityIndexResolver(mongoMappingContext);
	>     resolver.resolveIndexFor(DomainType.class).forEach(indexOps::ensureIndex);
	> }
	> -----------------------------------------------------------------------------------------

2020-08-12 10:03:41.387  INFO 5056 --- [main] org.mongodb.driver.cluster               : No server chosen by com.mongodb.client.internal.MongoClientDelegate$1@36224f93 from cluster description ClusterDescription{type=REPLICA_SET, connectionMode=MULTIPLE, serverDescriptions=[ServerDescription{address=cluster0-shard-00-00.z10pa.gcp.mongodb.net:27017, type=UNKNOWN, state=CONNECTING}, ServerDescription{address=cluster0-shard-00-02.z10pa.gcp.mongodb.net:27017, type=UNKNOWN, state=CONNECTING}, ServerDescription{address=cluster0-shard-00-01.z10pa.gcp.mongodb.net:27017, type=UNKNOWN, state=CONNECTING}]}. Waiting for 30000 ms before timing out
2020-08-12 10:03:42.333  INFO 5056 --- [cluster-ClusterId{value='5f33a259ca30c1343f94c0c7', description='null'}-cluster0-shard-00-00.z10pa.gcp.mongodb.net:27017] org.mongodb.driver.connection            : Opened connection [connectionId{localValue:1, serverValue:269547}] to cluster0-shard-00-00.z10pa.gcp.mongodb.net:27017
2020-08-12 10:03:42.335  INFO 5056 --- [cluster-ClusterId{value='5f33a259ca30c1343f94c0c7', description='null'}-cluster0-shard-00-01.z10pa.gcp.mongodb.net:27017] org.mongodb.driver.connection            : Opened connection [connectionId{localValue:2, serverValue:265213}] to cluster0-shard-00-01.z10pa.gcp.mongodb.net:27017
2020-08-12 10:03:42.336  INFO 5056 --- [cluster-ClusterId{value='5f33a259ca30c1343f94c0c7', description='null'}-cluster0-shard-00-02.z10pa.gcp.mongodb.net:27017] org.mongodb.driver.connection            : Opened connection [connectionId{localValue:3, serverValue:295421}] to cluster0-shard-00-02.z10pa.gcp.mongodb.net:27017
2020-08-12 10:03:42.671  INFO 5056 --- [cluster-ClusterId{value='5f33a259ca30c1343f94c0c7', description='null'}-cluster0-shard-00-00.z10pa.gcp.mongodb.net:27017] org.mongodb.driver.cluster               : Monitor thread successfully connected to server with description ServerDescription{address=cluster0-shard-00-00.z10pa.gcp.mongodb.net:27017, type=REPLICA_SET_SECONDARY, state=CONNECTED, ok=true, version=ServerVersion{versionList=[4, 2, 8]}, minWireVersion=0, maxWireVersion=8, maxDocumentSize=16777216, logicalSessionTimeoutMinutes=30, roundTripTimeNanos=328159047, setName='atlas-ev2i6u-shard-0', canonicalAddress=cluster0-shard-00-00.z10pa.gcp.mongodb.net:27017, hosts=[cluster0-shard-00-00.z10pa.gcp.mongodb.net:27017, cluster0-shard-00-01.z10pa.gcp.mongodb.net:27017, cluster0-shard-00-02.z10pa.gcp.mongodb.net:27017], passives=[], arbiters=[], primary='cluster0-shard-00-02.z10pa.gcp.mongodb.net:27017', tagSet=TagSet{[Tag{name='nodeType', value='ELECTABLE'}, Tag{name='provider', value='GCP'}, Tag{name='region', value='CENTRAL_US'}]}, electionId=null, setVersion=1, lastWriteDate=Wed Aug 12 11:58:20 CEST 2020, lastUpdateTimeNanos=10652850781367}
2020-08-12 10:03:42.683  INFO 5056 --- [cluster-ClusterId{value='5f33a259ca30c1343f94c0c7', description='null'}-cluster0-shard-00-02.z10pa.gcp.mongodb.net:27017] org.mongodb.driver.cluster               : Monitor thread successfully connected to server with description ServerDescription{address=cluster0-shard-00-02.z10pa.gcp.mongodb.net:27017, type=REPLICA_SET_PRIMARY, state=CONNECTED, ok=true, version=ServerVersion{versionList=[4, 2, 8]}, minWireVersion=0, maxWireVersion=8, maxDocumentSize=16777216, logicalSessionTimeoutMinutes=30, roundTripTimeNanos=345706058, setName='atlas-ev2i6u-shard-0', canonicalAddress=cluster0-shard-00-02.z10pa.gcp.mongodb.net:27017, hosts=[cluster0-shard-00-00.z10pa.gcp.mongodb.net:27017, cluster0-shard-00-01.z10pa.gcp.mongodb.net:27017, cluster0-shard-00-02.z10pa.gcp.mongodb.net:27017], passives=[], arbiters=[], primary='cluster0-shard-00-02.z10pa.gcp.mongodb.net:27017', tagSet=TagSet{[Tag{name='nodeType', value='ELECTABLE'}, Tag{name='provider', value='GCP'}, Tag{name='region', value='CENTRAL_US'}]}, electionId=7fffffff0000000000000004, setVersion=1, lastWriteDate=Wed Aug 12 11:58:20 CEST 2020, lastUpdateTimeNanos=10652866486627}
2020-08-12 10:03:42.683  INFO 5056 --- [cluster-ClusterId{value='5f33a259ca30c1343f94c0c7', description='null'}-cluster0-shard-00-01.z10pa.gcp.mongodb.net:27017] org.mongodb.driver.cluster               : Monitor thread successfully connected to server with description ServerDescription{address=cluster0-shard-00-01.z10pa.gcp.mongodb.net:27017, type=REPLICA_SET_SECONDARY, state=CONNECTED, ok=true, version=ServerVersion{versionList=[4, 2, 8]}, minWireVersion=0, maxWireVersion=8, maxDocumentSize=16777216, logicalSessionTimeoutMinutes=30, roundTripTimeNanos=345903389, setName='atlas-ev2i6u-shard-0', canonicalAddress=cluster0-shard-00-01.z10pa.gcp.mongodb.net:27017, hosts=[cluster0-shard-00-00.z10pa.gcp.mongodb.net:27017, cluster0-shard-00-01.z10pa.gcp.mongodb.net:27017, cluster0-shard-00-02.z10pa.gcp.mongodb.net:27017], passives=[], arbiters=[], primary='cluster0-shard-00-02.z10pa.gcp.mongodb.net:27017', tagSet=TagSet{[Tag{name='nodeType', value='ELECTABLE'}, Tag{name='provider', value='GCP'}, Tag{name='region', value='CENTRAL_US'}]}, electionId=null, setVersion=1, lastWriteDate=Wed Aug 12 11:58:20 CEST 2020, lastUpdateTimeNanos=10652866661566}
2020-08-12 10:03:42.692  INFO 5056 --- [cluster-ClusterId{value='5f33a259ca30c1343f94c0c7', description='null'}-cluster0-shard-00-02.z10pa.gcp.mongodb.net:27017] org.mongodb.driver.cluster               : Setting max election id to 7fffffff0000000000000004 from replica set primary cluster0-shard-00-02.z10pa.gcp.mongodb.net:27017
2020-08-12 10:03:42.693  INFO 5056 --- [cluster-ClusterId{value='5f33a259ca30c1343f94c0c7', description='null'}-cluster0-shard-00-02.z10pa.gcp.mongodb.net:27017] org.mongodb.driver.cluster               : Setting max set version to 1 from replica set primary cluster0-shard-00-02.z10pa.gcp.mongodb.net:27017
2020-08-12 10:03:42.694  INFO 5056 --- [cluster-ClusterId{value='5f33a259ca30c1343f94c0c7', description='null'}-cluster0-shard-00-02.z10pa.gcp.mongodb.net:27017] org.mongodb.driver.cluster               : Discovered replica set primary cluster0-shard-00-02.z10pa.gcp.mongodb.net:27017
2020-08-12 10:03:44.974  INFO 5056 --- [main] org.mongodb.driver.connection            : Opened connection [connectionId{localValue:4, serverValue:295421}] to cluster0-shard-00-02.z10pa.gcp.mongodb.net:27017
2020-08-12 10:03:50.169  INFO 5056 --- [main] o.s.s.concurrent.ThreadPoolTaskExecutor  : Initializing ExecutorService 'applicationTaskExecutor'
2020-08-12 10:03:52.661  INFO 5056 --- [main] org.mongodb.driver.cluster               : Cluster created with settings {hosts=[127.0.0.1:27017], srvHost=cluster0.z10pa.gcp.mongodb.net, mode=MULTIPLE, requiredClusterType=REPLICA_SET, serverSelectionTimeout='30000 ms', maxWaitQueueSize=500, requiredReplicaSetName='atlas-ev2i6u-shard-0'}
2020-08-12 10:03:53.776  INFO 5056 --- [cluster-ClusterId{value='5f33a268ca30c1343f94c0c8', description='null'}-srv-cluster0.z10pa.gcp.mongodb.net] org.mongodb.driver.cluster               : Adding discovered server cluster0-shard-00-01.z10pa.gcp.mongodb.net:27017 to client view of cluster
2020-08-12 10:03:53.779  INFO 5056 --- [cluster-ClusterId{value='5f33a268ca30c1343f94c0c8', description='null'}-srv-cluster0.z10pa.gcp.mongodb.net] org.mongodb.driver.cluster               : Adding discovered server cluster0-shard-00-02.z10pa.gcp.mongodb.net:27017 to client view of cluster
2020-08-12 10:03:53.781  INFO 5056 --- [cluster-ClusterId{value='5f33a268ca30c1343f94c0c8', description='null'}-srv-cluster0.z10pa.gcp.mongodb.net] org.mongodb.driver.cluster               : Adding discovered server cluster0-shard-00-00.z10pa.gcp.mongodb.net:27017 to client view of cluster
2020-08-12 10:03:53.835  WARN 5056 --- [main] eactiveMongoPersistentEntityIndexCreator : Automatic index creation will be disabled by default as of Spring Data MongoDB 3.x.
	Please use 'MongoMappingContext#setAutoIndexCreation(boolean)' or override 'MongoConfigurationSupport#autoIndexCreation()' to be explicit.
	However, we recommend setting up indices manually in an application ready block. You may use index derivation there as well.

	> -----------------------------------------------------------------------------------------
	> @EventListener(ApplicationReadyEvent.class)
	> public void initIndicesAfterStartup() {
	>
	>     IndexOperations indexOps = mongoTemplate.indexOps(DomainType.class);
	>
	>     IndexResolver resolver = new MongoPersistentEntityIndexResolver(mongoMappingContext);
	>     resolver.resolveIndexFor(DomainType.class).forEach(indexOps::ensureIndex);
	> }
	> -----------------------------------------------------------------------------------------

2020-08-12 10:03:54.080  INFO 5056 --- [main] org.mongodb.driver.cluster               : No server chosen by com.mongodb.async.client.ClientSessionHelper$1@61e14b53 from cluster description ClusterDescription{type=REPLICA_SET, connectionMode=MULTIPLE, serverDescriptions=[ServerDescription{address=cluster0-shard-00-00.z10pa.gcp.mongodb.net:27017, type=UNKNOWN, state=CONNECTING}, ServerDescription{address=cluster0-shard-00-02.z10pa.gcp.mongodb.net:27017, type=UNKNOWN, state=CONNECTING}, ServerDescription{address=cluster0-shard-00-01.z10pa.gcp.mongodb.net:27017, type=UNKNOWN, state=CONNECTING}]}. Waiting for 30000 ms before timing out
2020-08-12 10:03:55.537  INFO 5056 --- [cluster-ClusterId{value='5f33a268ca30c1343f94c0c8', description='null'}-cluster0-shard-00-00.z10pa.gcp.mongodb.net:27017] org.mongodb.driver.connection            : Opened connection [connectionId{localValue:7, serverValue:269547}] to cluster0-shard-00-00.z10pa.gcp.mongodb.net:27017
2020-08-12 10:03:55.556  INFO 5056 --- [cluster-ClusterId{value='5f33a268ca30c1343f94c0c8', description='null'}-cluster0-shard-00-02.z10pa.gcp.mongodb.net:27017] org.mongodb.driver.connection            : Opened connection [connectionId{localValue:6, serverValue:297101}] to cluster0-shard-00-02.z10pa.gcp.mongodb.net:27017
2020-08-12 10:03:55.556  INFO 5056 --- [cluster-ClusterId{value='5f33a268ca30c1343f94c0c8', description='null'}-cluster0-shard-00-01.z10pa.gcp.mongodb.net:27017] org.mongodb.driver.connection            : Opened connection [connectionId{localValue:5, serverValue:265213}] to cluster0-shard-00-01.z10pa.gcp.mongodb.net:27017
2020-08-12 10:03:55.735  INFO 5056 --- [cluster-ClusterId{value='5f33a268ca30c1343f94c0c8', description='null'}-cluster0-shard-00-00.z10pa.gcp.mongodb.net:27017] org.mongodb.driver.cluster               : Monitor thread successfully connected to server with description ServerDescription{address=cluster0-shard-00-00.z10pa.gcp.mongodb.net:27017, type=REPLICA_SET_SECONDARY, state=CONNECTED, ok=true, version=ServerVersion{versionList=[4, 2, 8]}, minWireVersion=0, maxWireVersion=8, maxDocumentSize=16777216, logicalSessionTimeoutMinutes=30, roundTripTimeNanos=197175983, setName='atlas-ev2i6u-shard-0', canonicalAddress=cluster0-shard-00-00.z10pa.gcp.mongodb.net:27017, hosts=[cluster0-shard-00-00.z10pa.gcp.mongodb.net:27017, cluster0-shard-00-01.z10pa.gcp.mongodb.net:27017, cluster0-shard-00-02.z10pa.gcp.mongodb.net:27017], passives=[], arbiters=[], primary='cluster0-shard-00-02.z10pa.gcp.mongodb.net:27017', tagSet=TagSet{[Tag{name='nodeType', value='ELECTABLE'}, Tag{name='provider', value='GCP'}, Tag{name='region', value='CENTRAL_US'}]}, electionId=null, setVersion=1, lastWriteDate=Wed Aug 12 11:58:43 CEST 2020, lastUpdateTimeNanos=10665918366328}
2020-08-12 10:03:55.756  INFO 5056 --- [cluster-5f33a268ca30c1343f94c0c8] org.mongodb.driver.cluster               : No server chosen by WritableServerSelector from cluster description ClusterDescription{type=REPLICA_SET, connectionMode=MULTIPLE, serverDescriptions=[ServerDescription{address=cluster0-shard-00-00.z10pa.gcp.mongodb.net:27017, type=REPLICA_SET_SECONDARY, state=CONNECTED, ok=true, version=ServerVersion{versionList=[4, 2, 8]}, minWireVersion=0, maxWireVersion=8, maxDocumentSize=16777216, logicalSessionTimeoutMinutes=30, roundTripTimeNanos=197175983, setName='atlas-ev2i6u-shard-0', canonicalAddress=cluster0-shard-00-00.z10pa.gcp.mongodb.net:27017, hosts=[cluster0-shard-00-00.z10pa.gcp.mongodb.net:27017, cluster0-shard-00-01.z10pa.gcp.mongodb.net:27017, cluster0-shard-00-02.z10pa.gcp.mongodb.net:27017], passives=[], arbiters=[], primary='cluster0-shard-00-02.z10pa.gcp.mongodb.net:27017', tagSet=TagSet{[Tag{name='nodeType', value='ELECTABLE'}, Tag{name='provider', value='GCP'}, Tag{name='region', value='CENTRAL_US'}]}, electionId=null, setVersion=1, lastWriteDate=Wed Aug 12 11:58:43 CEST 2020, lastUpdateTimeNanos=10665918366328}, ServerDescription{address=cluster0-shard-00-02.z10pa.gcp.mongodb.net:27017, type=UNKNOWN, state=CONNECTING}, ServerDescription{address=cluster0-shard-00-01.z10pa.gcp.mongodb.net:27017, type=UNKNOWN, state=CONNECTING}]}. Waiting for 30000 ms before timing out
2020-08-12 10:03:55.764  INFO 5056 --- [cluster-ClusterId{value='5f33a268ca30c1343f94c0c8', description='null'}-cluster0-shard-00-02.z10pa.gcp.mongodb.net:27017] org.mongodb.driver.cluster               : Monitor thread successfully connected to server with description ServerDescription{address=cluster0-shard-00-02.z10pa.gcp.mongodb.net:27017, type=REPLICA_SET_PRIMARY, state=CONNECTED, ok=true, version=ServerVersion{versionList=[4, 2, 8]}, minWireVersion=0, maxWireVersion=8, maxDocumentSize=16777216, logicalSessionTimeoutMinutes=30, roundTripTimeNanos=207154929, setName='atlas-ev2i6u-shard-0', canonicalAddress=cluster0-shard-00-02.z10pa.gcp.mongodb.net:27017, hosts=[cluster0-shard-00-00.z10pa.gcp.mongodb.net:27017, cluster0-shard-00-01.z10pa.gcp.mongodb.net:27017, cluster0-shard-00-02.z10pa.gcp.mongodb.net:27017], passives=[], arbiters=[], primary='cluster0-shard-00-02.z10pa.gcp.mongodb.net:27017', tagSet=TagSet{[Tag{name='nodeType', value='ELECTABLE'}, Tag{name='provider', value='GCP'}, Tag{name='region', value='CENTRAL_US'}]}, electionId=7fffffff0000000000000004, setVersion=1, lastWriteDate=Wed Aug 12 11:58:43 CEST 2020, lastUpdateTimeNanos=10665946762312}
2020-08-12 10:03:55.765  INFO 5056 --- [cluster-ClusterId{value='5f33a268ca30c1343f94c0c8', description='null'}-cluster0-shard-00-02.z10pa.gcp.mongodb.net:27017] org.mongodb.driver.cluster               : Setting max election id to 7fffffff0000000000000004 from replica set primary cluster0-shard-00-02.z10pa.gcp.mongodb.net:27017
2020-08-12 10:03:55.765  INFO 5056 --- [cluster-ClusterId{value='5f33a268ca30c1343f94c0c8', description='null'}-cluster0-shard-00-02.z10pa.gcp.mongodb.net:27017] org.mongodb.driver.cluster               : Setting max set version to 1 from replica set primary cluster0-shard-00-02.z10pa.gcp.mongodb.net:27017
2020-08-12 10:03:55.765  INFO 5056 --- [cluster-ClusterId{value='5f33a268ca30c1343f94c0c8', description='null'}-cluster0-shard-00-02.z10pa.gcp.mongodb.net:27017] org.mongodb.driver.cluster               : Discovered replica set primary cluster0-shard-00-02.z10pa.gcp.mongodb.net:27017
2020-08-12 10:03:55.778  INFO 5056 --- [cluster-ClusterId{value='5f33a268ca30c1343f94c0c8', description='null'}-cluster0-shard-00-01.z10pa.gcp.mongodb.net:27017] org.mongodb.driver.cluster               : Monitor thread successfully connected to server with description ServerDescription{address=cluster0-shard-00-01.z10pa.gcp.mongodb.net:27017, type=REPLICA_SET_SECONDARY, state=CONNECTED, ok=true, version=ServerVersion{versionList=[4, 2, 8]}, minWireVersion=0, maxWireVersion=8, maxDocumentSize=16777216, logicalSessionTimeoutMinutes=30, roundTripTimeNanos=221151393, setName='atlas-ev2i6u-shard-0', canonicalAddress=cluster0-shard-00-01.z10pa.gcp.mongodb.net:27017, hosts=[cluster0-shard-00-00.z10pa.gcp.mongodb.net:27017, cluster0-shard-00-01.z10pa.gcp.mongodb.net:27017, cluster0-shard-00-02.z10pa.gcp.mongodb.net:27017], passives=[], arbiters=[], primary='cluster0-shard-00-02.z10pa.gcp.mongodb.net:27017', tagSet=TagSet{[Tag{name='nodeType', value='ELECTABLE'}, Tag{name='provider', value='GCP'}, Tag{name='region', value='CENTRAL_US'}]}, electionId=null, setVersion=1, lastWriteDate=Wed Aug 12 11:58:43 CEST 2020, lastUpdateTimeNanos=10665961420741}
2020-08-12 10:03:55.931  INFO 5056 --- [main] o.s.s.web.DefaultSecurityFilterChain     : Creating filter chain: any request, [org.springframework.security.web.context.request.async.WebAsyncManagerIntegrationFilter@5341641d, org.springframework.security.web.context.SecurityContextPersistenceFilter@6b751cb1, org.springframework.security.web.header.HeaderWriterFilter@7c0e4e4e, org.springframework.security.web.authentication.logout.LogoutFilter@56881196, org.springframework.security.web.authentication.www.BasicAuthenticationFilter@73385d3f, org.springframework.security.web.savedrequest.RequestCacheAwareFilter@4ec427, org.springframework.security.web.servletapi.SecurityContextHolderAwareRequestFilter@b34c7c9, org.springframework.security.web.authentication.AnonymousAuthenticationFilter@241d1052, org.springframework.security.web.session.SessionManagementFilter@6f112f70, org.springframework.security.web.access.ExceptionTranslationFilter@2beee3e8, org.springframework.security.web.access.intercept.FilterSecurityInterceptor@78b9155e]
2020-08-12 10:03:57.608  INFO 5056 --- [async-channel-group-0-handler-executor] org.mongodb.driver.connection            : Opened connection [connectionId{localValue:8, serverValue:297101}] to cluster0-shard-00-02.z10pa.gcp.mongodb.net:27017
2020-08-12 10:03:58.613  INFO 5056 --- [main] o.s.b.w.embedded.tomcat.TomcatWebServer  : Tomcat started on port(s): 8086 (http) with context path ''
2020-08-12 10:03:58.616  INFO 5056 --- [main] w.b.spring.WifakServeurBankApplication   : Started WifakServeurBankApplication in 44.1 seconds (JVM running for 46.541)
